[2025-08-09 21:11:53] ErrorException: Undefined variable $sdfdsd in /home/showket/public_html/lmvc/app/Routes/web.php on line 16
Trace:
#0 /home/showket/public_html/lmvc/app/Routes/web.php(16): CBM\Core\ErrorHandler::handleError()
#1 [internal function]: {closure}()
#2 /home/showket/public_html/lmvc/vendor/cb-master/lmvc-core/src/App/Router.php(71): call_user_func_array()
#3 /home/showket/public_html/lmvc/boot/loader.php(41): CBM\Core\App\Router->dispatch()
#4 /home/showket/public_html/lmvc/index.php(19): require_once('...')
#5 {main}

[2025-08-09 21:11:55] ErrorException: Undefined variable $sdfdsd in /home/showket/public_html/lmvc/app/Routes/web.php on line 16
Trace:
#0 /home/showket/public_html/lmvc/app/Routes/web.php(16): CBM\Core\ErrorHandler::handleError()
#1 [internal function]: {closure}()
#2 /home/showket/public_html/lmvc/vendor/cb-master/lmvc-core/src/App/Router.php(71): call_user_func_array()
#3 /home/showket/public_html/lmvc/boot/loader.php(41): CBM\Core\App\Router->dispatch()
#4 /home/showket/public_html/lmvc/index.php(19): require_once('...')
#5 {main}

[2025-08-09 21:13:14] ErrorException: Undefined variable $title1 in /home/showket/public_html/lmvc/app/Views/home.php on line 4
Trace:
#0 /home/showket/public_html/lmvc/app/Views/home.php(4): CBM\Core\ErrorHandler::handleError()
#1 /home/showket/public_html/lmvc/vendor/cb-master/lmvc-core/src/App/View.php(24): require('...')
#2 /home/showket/public_html/lmvc/app/Controllers/HomeController.php(23): CBM\Core\App\View::render()
#3 [internal function]: CBM\App\Controllers\HomeController::index()
#4 /home/showket/public_html/lmvc/vendor/cb-master/lmvc-core/src/App/Router.php(60): call_user_func_array()
#5 /home/showket/public_html/lmvc/boot/loader.php(41): CBM\Core\App\Router->dispatch()
#6 /home/showket/public_html/lmvc/index.php(19): require_once('...')
#7 {main}

[2025-08-09 21:15:53] ErrorException: Undefined variable $sdsd in /home/showket/public_html/lmvc/app/Controllers/HomeController.php on line 23
Trace:
#0 /home/showket/public_html/lmvc/app/Controllers/HomeController.php(23): CBM\Core\ErrorHandler::handleError()
#1 [internal function]: CBM\App\Controllers\HomeController::index()
#2 /home/showket/public_html/lmvc/vendor/cb-master/lmvc-core/src/App/Router.php(60): call_user_func_array()
#3 /home/showket/public_html/lmvc/boot/loader.php(41): CBM\Core\App\Router->dispatch()
#4 /home/showket/public_html/lmvc/index.php(19): require_once('...')
#5 {main}

[2025-08-09 21:15:56] ErrorException: Undefined variable $sdsd in /home/showket/public_html/lmvc/app/Controllers/HomeController.php on line 23
Trace:
#0 /home/showket/public_html/lmvc/app/Controllers/HomeController.php(23): CBM\Core\ErrorHandler::handleError()
#1 [internal function]: CBM\App\Controllers\HomeController::index()
#2 /home/showket/public_html/lmvc/vendor/cb-master/lmvc-core/src/App/Router.php(60): call_user_func_array()
#3 /home/showket/public_html/lmvc/boot/loader.php(41): CBM\Core\App\Router->dispatch()
#4 /home/showket/public_html/lmvc/index.php(19): require_once('...')
#5 {main}

[2025-08-09 21:46:06] TypeError: trim(): Argument #1 ($string) must be of type string, int given in /home/showket/public_html/lmvc/vendor/cb-master/lmvc-core/src/Http/Response.php on line 77
Trace:
#0 /home/showket/public_html/lmvc/vendor/cb-master/lmvc-core/src/Http/Response.php(77): trim()
#1 /home/showket/public_html/lmvc/boot/loader.php(33): CBM\Core\Http\Response::defaultHeader()
#2 /home/showket/public_html/lmvc/index.php(16): require_once('...')
#3 {main}

[2025-08-09 21:47:10] TypeError: trim(): Argument #1 ($string) must be of type string, int given in /home/showket/public_html/lmvc/vendor/cb-master/lmvc-core/src/Http/Response.php on line 80
Trace:
#0 /home/showket/public_html/lmvc/vendor/cb-master/lmvc-core/src/Http/Response.php(80): trim()
#1 /home/showket/public_html/lmvc/boot/loader.php(33): CBM\Core\Http\Response::defaultHeader()
#2 /home/showket/public_html/lmvc/index.php(16): require_once('...')
#3 {main}

